2024-04-30 17:13:36,071 - INFO - test_getDataLoadCount: Success, Result: 0
2024-04-30 17:13:36,076 - INFO - test_getDataLoadCount: Success, Result: 0
2024-04-30 17:13:36,080 - INFO - test_getDataLoadCount: Success, Result: 0
2024-04-30 17:13:36,086 - INFO - test_getDataLoadCount: Success, Result: 0
2024-04-30 17:13:36,091 - INFO - test_getDataLoadCount: Success, Result: 0
2024-04-30 17:13:36,096 - INFO - test_getDataLoadCount: Success, Result: 0
2024-04-30 17:13:36,100 - INFO - test_getDataLoadCount: Success, Result: 0
2024-04-30 17:13:36,105 - INFO - test_getDataLoadCount: Success, Result: 0
2024-04-30 17:13:36,110 - INFO - test_getDataLoadCount: Success, Result: 0
2024-04-30 17:13:36,116 - INFO - test_getDataLoadCount: Success, Result: 0
2024-04-30 17:13:36,122 - INFO - test_getDataLoadCount: Success, Result: 0
2024-04-30 17:13:36,127 - INFO - test_getDataLoadCount: Success, Result: 0
2024-04-30 17:13:36,132 - INFO - test_getDataLoadCount: Success, Result: 0
2024-04-30 17:13:36,136 - INFO - test_getDataLoadCount: Success, Result: 0
2024-04-30 17:13:36,141 - INFO - test_getDataLoadCount: Success, Result: 0
2024-04-30 17:13:36,147 - INFO - test_getDataLoadCount: Success, Result: 0
2024-04-30 17:13:36,152 - INFO - test_getDataLoadCount: Success, Result: 0
2024-04-30 17:13:36,157 - INFO - test_getDataLoadCount: Success, Result: 0
2024-04-30 17:13:36,163 - INFO - test_getDataLoadCount: Success, Result: 0
2024-04-30 17:13:36,168 - INFO - test_getDataLoadCount: Success, Result: 0
2024-04-30 17:13:36,173 - INFO - test_getDataLoadCount: Success, Result: 0
2024-04-30 17:13:36,179 - INFO - test_getDataLoadCount: Success, Result: 0
2024-04-30 17:13:36,185 - INFO - test_getDataLoadCount: Success, Result: 0
2024-04-30 17:13:36,191 - INFO - test_getDataLoadCount: Success, Result: 0
2024-04-30 17:13:36,196 - INFO - test_getDataLoadCount: Success, Result: 0
2024-04-30 17:13:36,201 - INFO - test_getDataLoadCount: Success, Result: 0
2024-04-30 17:13:36,206 - INFO - test_getDataLoadCount: Success, Result: 0
2024-04-30 17:13:36,211 - INFO - test_getDataLoadCount: Success, Result: 0
2024-04-30 17:13:36,216 - INFO - test_getDataLoadCount: Success, Result: 0
2024-04-30 17:13:36,221 - INFO - test_getDataLoadCount: Success, Result: 0
2024-04-30 17:13:36,225 - INFO - test_getDataLoadCount: Success, Result: 0
2024-04-30 17:13:36,229 - INFO - test_getDataLoadCount: Success, Result: 0
2024-04-30 17:13:36,233 - INFO - test_getDataLoadCount: Success, Result: 0
2024-04-30 17:13:36,237 - INFO - test_getDataLoadCount: Success, Result: 0
2024-04-30 17:13:36,240 - INFO - test_getDataLoadCount: Success, Result: 0
2024-04-30 17:13:36,245 - INFO - test_getDataLoadCount: Success, Result: 0
2024-04-30 17:13:36,249 - INFO - test_getDataLoadCount: Success, Result: 0
2024-04-30 17:13:36,252 - INFO - test_getDataLoadCount: Success, Result: 0
2024-04-30 17:13:36,255 - INFO - test_getDataLoadCount: Success, Result: 0
2024-04-30 17:13:36,259 - INFO - test_getDataLoadCount: Success, Result: 0
2024-04-30 17:13:36,262 - INFO - test_getDataLoadCount: Success, Result: 0
2024-04-30 17:13:36,267 - INFO - test_getDataLoadCount: Success, Result: 0
2024-04-30 17:13:36,272 - INFO - test_getDataLoadCount: Success, Result: 0
2024-04-30 17:13:36,277 - INFO - test_getDataLoadCount: Success, Result: 0
2024-04-30 17:13:36,282 - INFO - test_getDataLoadCount: Success, Result: 0
2024-04-30 17:13:36,287 - INFO - test_getDataLoadCount: Success, Result: 0
2024-04-30 17:13:36,292 - INFO - test_getDataLoadCount: Success, Result: 0
2024-04-30 17:13:36,296 - INFO - test_getDataLoadCount: Success, Result: 0
2024-04-30 17:13:36,299 - INFO - test_getDataLoadCount: Success, Result: 0
2024-04-30 17:13:36,302 - INFO - test_getDataLoadCount: Success, Result: 0
2024-04-30 17:13:36,363 - INFO - test_getDataLoadCount: Success, Result: 0
2024-04-30 17:13:36,366 - INFO - test_getDataLoadCount: Success, Result: 0
2024-04-30 17:13:36,371 - INFO - test_getDataLoadCount: Success, Result: 0
2024-04-30 17:13:36,376 - INFO - test_getDataLoadCount: Success, Result: 0
2024-04-30 17:13:36,381 - INFO - test_getDataLoadCount: Success, Result: 0
2024-04-30 17:13:36,386 - INFO - test_getDataLoadCount: Success, Result: 0
2024-04-30 17:13:36,391 - INFO - test_getDataLoadCount: Success, Result: 0
2024-04-30 17:13:36,395 - INFO - test_getDataLoadCount: Success, Result: 0
2024-04-30 17:13:36,399 - INFO - test_getDataLoadCount: Success, Result: 0
2024-04-30 17:13:36,403 - INFO - test_getDataLoadCount: Success, Result: 0
2024-04-30 17:13:36,417 - INFO - test_getDataLoadCount: Success, Result: 0
2024-04-30 17:13:36,421 - INFO - test_getDataLoadCount: Success, Result: 0
2024-04-30 17:13:36,425 - INFO - test_getDataLoadCount: Success, Result: 0
2024-04-30 17:13:36,429 - INFO - test_getDataLoadCount: Success, Result: 0
2024-04-30 17:13:36,433 - INFO - test_getDataLoadCount: Success, Result: 0
2024-04-30 17:13:36,437 - INFO - test_getDataLoadCount: Success, Result: 0
2024-04-30 17:13:36,442 - INFO - test_getDataLoadCount: Success, Result: 0
2024-04-30 17:13:36,446 - INFO - test_getDataLoadCount: Success, Result: 0
2024-04-30 17:13:36,450 - INFO - test_getDataLoadCount: Success, Result: 0
2024-04-30 17:13:36,455 - INFO - test_getDataLoadCount: Success, Result: 0
2024-04-30 17:13:36,459 - INFO - test_getDataLoadCount: Success, Result: 0
2024-04-30 17:13:36,463 - INFO - test_getDataLoadCount: Success, Result: 0
2024-04-30 17:13:36,468 - INFO - test_getDataLoadCount: Success, Result: 0
2024-04-30 17:13:36,472 - INFO - test_getDataLoadCount: Success, Result: 0
2024-04-30 17:13:36,477 - INFO - test_getDataLoadCount: Success, Result: 0
2024-04-30 17:13:36,481 - INFO - test_getDataLoadCount: Success, Result: 0
2024-04-30 17:13:36,485 - INFO - test_getDataLoadCount: Success, Result: 0
2024-04-30 17:13:36,491 - INFO - test_getDataLoadCount: Success, Result: 0
2024-04-30 17:13:36,494 - INFO - test_getDataLoadCount: Success, Result: 0
2024-04-30 17:13:36,499 - INFO - test_getDataLoadCount: Success, Result: 0
2024-04-30 17:13:36,503 - INFO - test_getDataLoadCount: Success, Result: 0
2024-04-30 17:13:36,506 - INFO - test_getDataLoadCount: Success, Result: 0
2024-04-30 17:13:36,511 - INFO - test_getDataLoadCount: Success, Result: 0
2024-04-30 17:13:36,515 - INFO - test_getDataLoadCount: Success, Result: 0
2024-04-30 17:13:36,519 - INFO - test_getDataLoadCount: Success, Result: 0
2024-04-30 17:13:36,523 - INFO - test_getDataLoadCount: Success, Result: 0
2024-04-30 17:13:36,526 - INFO - test_getDataLoadCount: Success, Result: 0
2024-04-30 17:13:36,530 - INFO - test_getDataLoadCount: Success, Result: 0
2024-04-30 17:13:36,535 - INFO - test_getDataLoadCount: Success, Result: 0
2024-04-30 17:13:36,539 - INFO - test_getDataLoadCount: Success, Result: 0
2024-04-30 17:13:36,543 - INFO - test_getDataLoadCount: Success, Result: 0
2024-04-30 17:13:36,547 - INFO - test_getDataLoadCount: Success, Result: 0
2024-04-30 17:13:36,551 - INFO - test_getDataLoadCount: Success, Result: 0
2024-04-30 17:13:36,555 - INFO - test_getDataLoadCount: Success, Result: 0
2024-04-30 17:13:36,558 - INFO - test_getDataLoadCount: Success, Result: 0
2024-04-30 17:13:36,563 - INFO - test_getDataLoadCount: Success, Result: 0
2024-04-30 17:13:36,568 - INFO - test_getDataLoadCount: Success, Result: 0
2024-04-30 17:13:36,572 - INFO - test_getDataLoadCount: Success, Result: 0
2024-04-30 17:13:36,577 - INFO - test_getDataLoadCount: Success, Result: 0
2024-04-30 17:13:36,582 - INFO - test_getDataLoadCount: Success, Result: 0
2024-04-30 17:13:36,622 - INFO - test_getModelLoadCounta: Success, Result: 0
2024-04-30 17:13:36,626 - INFO - test_getModelLoadCounta: Success, Result: 0
2024-04-30 17:13:36,630 - INFO - test_getModelLoadCounta: Success, Result: 0
2024-04-30 17:13:36,634 - INFO - test_getModelLoadCounta: Success, Result: 0
2024-04-30 17:13:36,639 - INFO - test_getModelLoadCounta: Success, Result: 0
2024-04-30 17:13:36,643 - INFO - test_getModelLoadCounta: Success, Result: 0
2024-04-30 17:13:36,648 - INFO - test_getModelLoadCounta: Success, Result: 0
2024-04-30 17:13:36,652 - INFO - test_getModelLoadCounta: Success, Result: 0
2024-04-30 17:13:36,657 - INFO - test_getModelLoadCounta: Success, Result: 0
2024-04-30 17:13:36,662 - INFO - test_getModelLoadCounta: Success, Result: 0
2024-04-30 17:13:36,666 - INFO - test_getModelLoadCounta: Success, Result: 0
2024-04-30 17:13:36,670 - INFO - test_getModelLoadCounta: Success, Result: 0
2024-04-30 17:13:36,674 - INFO - test_getModelLoadCounta: Success, Result: 0
2024-04-30 17:13:36,678 - INFO - test_getModelLoadCounta: Success, Result: 0
2024-04-30 17:13:36,682 - INFO - test_getModelLoadCounta: Success, Result: 0
2024-04-30 17:13:36,686 - INFO - test_getModelLoadCounta: Success, Result: 0
2024-04-30 17:13:36,690 - INFO - test_getModelLoadCounta: Success, Result: 0
2024-04-30 17:13:36,695 - INFO - test_getModelLoadCounta: Success, Result: 0
2024-04-30 17:13:36,700 - INFO - test_getModelLoadCounta: Success, Result: 0
2024-04-30 17:13:36,704 - INFO - test_getModelLoadCounta: Success, Result: 0
2024-04-30 17:13:36,708 - INFO - test_getModelLoadCounta: Success, Result: 0
2024-04-30 17:13:36,712 - INFO - test_getModelLoadCounta: Success, Result: 0
2024-04-30 17:13:36,718 - INFO - test_getModelLoadCounta: Success, Result: 0
2024-04-30 17:13:36,722 - INFO - test_getModelLoadCounta: Success, Result: 0
2024-04-30 17:13:36,726 - INFO - test_getModelLoadCounta: Success, Result: 0
2024-04-30 17:13:36,729 - INFO - test_getModelLoadCounta: Success, Result: 0
2024-04-30 17:13:36,733 - INFO - test_getModelLoadCounta: Success, Result: 0
2024-04-30 17:13:36,737 - INFO - test_getModelLoadCounta: Success, Result: 0
2024-04-30 17:13:36,741 - INFO - test_getModelLoadCounta: Success, Result: 0
2024-04-30 17:13:36,744 - INFO - test_getModelLoadCounta: Success, Result: 0
2024-04-30 17:13:36,747 - INFO - test_getModelLoadCounta: Success, Result: 0
2024-04-30 17:13:36,751 - INFO - test_getModelLoadCounta: Success, Result: 0
2024-04-30 17:13:36,754 - INFO - test_getModelLoadCounta: Success, Result: 0
2024-04-30 17:13:36,758 - INFO - test_getModelLoadCounta: Success, Result: 0
2024-04-30 17:13:36,762 - INFO - test_getModelLoadCounta: Success, Result: 0
2024-04-30 17:13:36,765 - INFO - test_getModelLoadCounta: Success, Result: 0
2024-04-30 17:13:36,769 - INFO - test_getModelLoadCounta: Success, Result: 0
2024-04-30 17:13:36,773 - INFO - test_getModelLoadCounta: Success, Result: 0
2024-04-30 17:13:36,778 - INFO - test_getModelLoadCounta: Success, Result: 0
2024-04-30 17:13:36,782 - INFO - test_getModelLoadCounta: Success, Result: 0
2024-04-30 17:13:36,787 - INFO - test_getModelLoadCounta: Success, Result: 0
2024-04-30 17:13:36,791 - INFO - test_getModelLoadCounta: Success, Result: 0
2024-04-30 17:13:36,796 - INFO - test_getModelLoadCounta: Success, Result: 0
2024-04-30 17:13:36,802 - INFO - test_getModelLoadCounta: Success, Result: 0
2024-04-30 17:13:36,805 - INFO - test_getModelLoadCounta: Success, Result: 0
2024-04-30 17:13:36,809 - INFO - test_getModelLoadCounta: Success, Result: 0
2024-04-30 17:13:36,813 - INFO - test_getModelLoadCounta: Success, Result: 0
2024-04-30 17:13:36,817 - INFO - test_getModelLoadCounta: Success, Result: 0
2024-04-30 17:13:36,822 - INFO - test_getModelLoadCounta: Success, Result: 0
2024-04-30 17:13:36,826 - INFO - test_getModelLoadCounta: Success, Result: 0
2024-04-30 17:13:36,830 - INFO - test_getModelLoadCounta: Success, Result: 0
2024-04-30 17:13:36,835 - INFO - test_getModelLoadCounta: Success, Result: 0
2024-04-30 17:13:36,842 - INFO - test_getModelLoadCounta: Success, Result: 0
2024-04-30 17:13:36,847 - INFO - test_getModelLoadCounta: Success, Result: 0
2024-04-30 17:13:36,852 - INFO - test_getModelLoadCounta: Success, Result: 0
2024-04-30 17:13:36,856 - INFO - test_getModelLoadCounta: Success, Result: 0
2024-04-30 17:13:36,861 - INFO - test_getModelLoadCounta: Success, Result: 0
2024-04-30 17:13:36,866 - INFO - test_getModelLoadCounta: Success, Result: 0
2024-04-30 17:13:36,871 - INFO - test_getModelLoadCounta: Success, Result: 0
2024-04-30 17:13:36,877 - INFO - test_getModelLoadCounta: Success, Result: 0
2024-04-30 17:13:36,883 - INFO - test_getModelLoadCounta: Success, Result: 0
2024-04-30 17:13:36,889 - INFO - test_getModelLoadCounta: Success, Result: 0
2024-04-30 17:13:36,895 - INFO - test_getModelLoadCounta: Success, Result: 0
2024-04-30 17:13:36,902 - INFO - test_getModelLoadCounta: Success, Result: 0
2024-04-30 17:13:36,909 - INFO - test_getModelLoadCounta: Success, Result: 0
2024-04-30 17:13:36,915 - INFO - test_getModelLoadCounta: Success, Result: 0
2024-04-30 17:13:36,923 - INFO - test_getModelLoadCounta: Success, Result: 0
2024-04-30 17:13:36,929 - INFO - test_getModelLoadCounta: Success, Result: 0
2024-04-30 17:13:36,934 - INFO - test_getModelLoadCounta: Success, Result: 0
2024-04-30 17:13:36,941 - INFO - test_getModelLoadCounta: Success, Result: 0
2024-04-30 17:13:36,947 - INFO - test_getModelLoadCounta: Success, Result: 0
2024-04-30 17:13:36,952 - INFO - test_getModelLoadCounta: Success, Result: 0
2024-04-30 17:13:36,957 - INFO - test_getModelLoadCounta: Success, Result: 0
2024-04-30 17:13:36,962 - INFO - test_getModelLoadCounta: Success, Result: 0
2024-04-30 17:13:36,967 - INFO - test_getModelLoadCounta: Success, Result: 0
2024-04-30 17:13:36,972 - INFO - test_getModelLoadCounta: Success, Result: 0
2024-04-30 17:13:36,976 - INFO - test_getModelLoadCounta: Success, Result: 0
2024-04-30 17:13:36,982 - INFO - test_getModelLoadCounta: Success, Result: 0
2024-04-30 17:13:36,987 - INFO - test_getModelLoadCounta: Success, Result: 0
2024-04-30 17:13:36,992 - INFO - test_getModelLoadCounta: Success, Result: 0
2024-04-30 17:13:36,998 - INFO - test_getModelLoadCounta: Success, Result: 0
2024-04-30 17:13:37,003 - INFO - test_getModelLoadCounta: Success, Result: 0
2024-04-30 17:13:37,008 - INFO - test_getModelLoadCounta: Success, Result: 0
2024-04-30 17:13:37,012 - INFO - test_getModelLoadCounta: Success, Result: 0
2024-04-30 17:13:37,016 - INFO - test_getModelLoadCounta: Success, Result: 0
2024-04-30 17:13:37,021 - INFO - test_getModelLoadCounta: Success, Result: 0
2024-04-30 17:13:37,025 - INFO - test_getModelLoadCounta: Success, Result: 0
2024-04-30 17:13:37,030 - INFO - test_getModelLoadCounta: Success, Result: 0
2024-04-30 17:13:37,034 - INFO - test_getModelLoadCounta: Success, Result: 0
2024-04-30 17:13:37,038 - INFO - test_getModelLoadCounta: Success, Result: 0
2024-04-30 17:13:37,042 - INFO - test_getModelLoadCounta: Success, Result: 0
2024-04-30 17:13:37,046 - INFO - test_getModelLoadCounta: Success, Result: 0
2024-04-30 17:13:37,050 - INFO - test_getModelLoadCounta: Success, Result: 0
2024-04-30 17:13:37,054 - INFO - test_getModelLoadCounta: Success, Result: 0
2024-04-30 17:13:37,058 - INFO - test_getModelLoadCounta: Success, Result: 0
2024-04-30 17:13:37,061 - INFO - test_getModelLoadCounta: Success, Result: 0
2024-04-30 17:13:37,066 - INFO - test_getModelLoadCounta: Success, Result: 0
2024-04-30 17:13:37,071 - INFO - test_getModelLoadCounta: Success, Result: 0
2024-04-30 17:13:37,076 - INFO - test_getModelLoadCounta: Success, Result: 0
2024-04-30 17:13:37,080 - INFO - test_getModelLoadCounta: Success, Result: 0
2024-04-30 17:13:37,119 - INFO - test_getDataPipelineCount: Success, Result: 0
2024-04-30 17:13:37,123 - INFO - test_getDataPipelineCount: Success, Result: 0
2024-04-30 17:13:37,127 - INFO - test_getDataPipelineCount: Success, Result: 0
2024-04-30 17:13:37,130 - INFO - test_getDataPipelineCount: Success, Result: 0
2024-04-30 17:13:37,134 - INFO - test_getDataPipelineCount: Success, Result: 0
2024-04-30 17:13:37,138 - INFO - test_getDataPipelineCount: Success, Result: 0
2024-04-30 17:13:37,141 - INFO - test_getDataPipelineCount: Success, Result: 0
2024-04-30 17:13:37,145 - INFO - test_getDataPipelineCount: Success, Result: 0
2024-04-30 17:13:37,148 - INFO - test_getDataPipelineCount: Success, Result: 0
2024-04-30 17:13:37,151 - INFO - test_getDataPipelineCount: Success, Result: 0
2024-04-30 17:13:37,154 - INFO - test_getDataPipelineCount: Success, Result: 0
2024-04-30 17:13:37,158 - INFO - test_getDataPipelineCount: Success, Result: 0
2024-04-30 17:13:37,161 - INFO - test_getDataPipelineCount: Success, Result: 0
2024-04-30 17:13:37,166 - INFO - test_getDataPipelineCount: Success, Result: 0
2024-04-30 17:13:37,170 - INFO - test_getDataPipelineCount: Success, Result: 0
2024-04-30 17:13:37,173 - INFO - test_getDataPipelineCount: Success, Result: 0
2024-04-30 17:13:37,178 - INFO - test_getDataPipelineCount: Success, Result: 0
2024-04-30 17:13:37,188 - INFO - test_getDataPipelineCount: Success, Result: 0
2024-04-30 17:13:37,192 - INFO - test_getDataPipelineCount: Success, Result: 0
2024-04-30 17:13:37,196 - INFO - test_getDataPipelineCount: Success, Result: 0
2024-04-30 17:13:37,201 - INFO - test_getDataPipelineCount: Success, Result: 0
2024-04-30 17:13:37,205 - INFO - test_getDataPipelineCount: Success, Result: 0
2024-04-30 17:13:37,210 - INFO - test_getDataPipelineCount: Success, Result: 0
2024-04-30 17:13:37,214 - INFO - test_getDataPipelineCount: Success, Result: 0
2024-04-30 17:13:37,218 - INFO - test_getDataPipelineCount: Success, Result: 0
2024-04-30 17:13:37,223 - INFO - test_getDataPipelineCount: Success, Result: 0
2024-04-30 17:13:37,227 - INFO - test_getDataPipelineCount: Success, Result: 0
2024-04-30 17:13:37,232 - INFO - test_getDataPipelineCount: Success, Result: 0
2024-04-30 17:13:37,236 - INFO - test_getDataPipelineCount: Success, Result: 0
2024-04-30 17:13:37,240 - INFO - test_getDataPipelineCount: Success, Result: 0
2024-04-30 17:13:37,244 - INFO - test_getDataPipelineCount: Success, Result: 0
2024-04-30 17:13:37,249 - INFO - test_getDataPipelineCount: Success, Result: 0
2024-04-30 17:13:37,253 - INFO - test_getDataPipelineCount: Success, Result: 0
2024-04-30 17:13:37,256 - INFO - test_getDataPipelineCount: Success, Result: 0
2024-04-30 17:13:37,260 - INFO - test_getDataPipelineCount: Success, Result: 0
2024-04-30 17:13:37,264 - INFO - test_getDataPipelineCount: Success, Result: 0
2024-04-30 17:13:37,269 - INFO - test_getDataPipelineCount: Success, Result: 0
2024-04-30 17:13:37,273 - INFO - test_getDataPipelineCount: Success, Result: 0
2024-04-30 17:13:37,278 - INFO - test_getDataPipelineCount: Success, Result: 0
2024-04-30 17:13:37,282 - INFO - test_getDataPipelineCount: Success, Result: 0
2024-04-30 17:13:37,287 - INFO - test_getDataPipelineCount: Success, Result: 0
2024-04-30 17:13:37,292 - INFO - test_getDataPipelineCount: Success, Result: 0
2024-04-30 17:13:37,297 - INFO - test_getDataPipelineCount: Success, Result: 0
2024-04-30 17:13:37,302 - INFO - test_getDataPipelineCount: Success, Result: 0
2024-04-30 17:13:37,307 - INFO - test_getDataPipelineCount: Success, Result: 0
2024-04-30 17:13:37,313 - INFO - test_getDataPipelineCount: Success, Result: 0
2024-04-30 17:13:37,318 - INFO - test_getDataPipelineCount: Success, Result: 0
2024-04-30 17:13:37,323 - INFO - test_getDataPipelineCount: Success, Result: 0
2024-04-30 17:13:37,326 - INFO - test_getDataPipelineCount: Success, Result: 0
2024-04-30 17:13:37,329 - INFO - test_getDataPipelineCount: Success, Result: 0
2024-04-30 17:13:37,333 - INFO - test_getDataPipelineCount: Success, Result: 0
2024-04-30 17:13:37,338 - INFO - test_getDataPipelineCount: Success, Result: 0
2024-04-30 17:13:37,344 - INFO - test_getDataPipelineCount: Success, Result: 0
2024-04-30 17:13:37,348 - INFO - test_getDataPipelineCount: Success, Result: 0
2024-04-30 17:13:37,352 - INFO - test_getDataPipelineCount: Success, Result: 0
2024-04-30 17:13:37,357 - INFO - test_getDataPipelineCount: Success, Result: 0
2024-04-30 17:13:37,361 - INFO - test_getDataPipelineCount: Success, Result: 0
2024-04-30 17:13:37,365 - INFO - test_getDataPipelineCount: Success, Result: 0
2024-04-30 17:13:37,368 - INFO - test_getDataPipelineCount: Success, Result: 0
2024-04-30 17:13:37,372 - INFO - test_getDataPipelineCount: Success, Result: 0
2024-04-30 17:13:37,376 - INFO - test_getDataPipelineCount: Success, Result: 0
2024-04-30 17:13:37,380 - INFO - test_getDataPipelineCount: Success, Result: 0
2024-04-30 17:13:37,385 - INFO - test_getDataPipelineCount: Success, Result: 0
2024-04-30 17:13:37,391 - INFO - test_getDataPipelineCount: Success, Result: 0
2024-04-30 17:13:37,395 - INFO - test_getDataPipelineCount: Success, Result: 0
2024-04-30 17:13:37,400 - INFO - test_getDataPipelineCount: Success, Result: 0
2024-04-30 17:13:37,407 - INFO - test_getDataPipelineCount: Success, Result: 0
2024-04-30 17:13:37,409 - INFO - test_getDataPipelineCount: Success, Result: 0
2024-04-30 17:13:37,412 - INFO - test_getDataPipelineCount: Success, Result: 0
2024-04-30 17:13:37,416 - INFO - test_getDataPipelineCount: Success, Result: 0
2024-04-30 17:13:37,421 - INFO - test_getDataPipelineCount: Success, Result: 0
2024-04-30 17:13:37,425 - INFO - test_getDataPipelineCount: Success, Result: 0
2024-04-30 17:13:37,429 - INFO - test_getDataPipelineCount: Success, Result: 0
2024-04-30 17:13:37,433 - INFO - test_getDataPipelineCount: Success, Result: 0
2024-04-30 17:13:37,436 - INFO - test_getDataPipelineCount: Success, Result: 0
2024-04-30 17:13:37,440 - INFO - test_getDataPipelineCount: Success, Result: 0
2024-04-30 17:13:37,444 - INFO - test_getDataPipelineCount: Success, Result: 0
2024-04-30 17:13:37,448 - INFO - test_getDataPipelineCount: Success, Result: 0
2024-04-30 17:13:37,452 - INFO - test_getDataPipelineCount: Success, Result: 0
2024-04-30 17:13:37,457 - INFO - test_getDataPipelineCount: Success, Result: 0
2024-04-30 17:13:37,461 - INFO - test_getDataPipelineCount: Success, Result: 0
2024-04-30 17:13:37,464 - INFO - test_getDataPipelineCount: Success, Result: 0
2024-04-30 17:13:37,468 - INFO - test_getDataPipelineCount: Success, Result: 0
2024-04-30 17:13:37,472 - INFO - test_getDataPipelineCount: Success, Result: 0
2024-04-30 17:13:37,478 - INFO - test_getDataPipelineCount: Success, Result: 0
2024-04-30 17:13:37,483 - INFO - test_getDataPipelineCount: Success, Result: 0
2024-04-30 17:13:37,487 - INFO - test_getDataPipelineCount: Success, Result: 0
2024-04-30 17:13:37,491 - INFO - test_getDataPipelineCount: Success, Result: 0
2024-04-30 17:13:37,495 - INFO - test_getDataPipelineCount: Success, Result: 0
2024-04-30 17:13:37,500 - INFO - test_getDataPipelineCount: Success, Result: 0
2024-04-30 17:13:37,504 - INFO - test_getDataPipelineCount: Success, Result: 0
2024-04-30 17:13:37,509 - INFO - test_getDataPipelineCount: Success, Result: 0
2024-04-30 17:13:37,513 - INFO - test_getDataPipelineCount: Success, Result: 0
2024-04-30 17:13:37,517 - INFO - test_getDataPipelineCount: Success, Result: 0
2024-04-30 17:13:37,521 - INFO - test_getDataPipelineCount: Success, Result: 0
2024-04-30 17:13:37,525 - INFO - test_getDataPipelineCount: Success, Result: 0
2024-04-30 17:13:37,529 - INFO - test_getDataPipelineCount: Success, Result: 0
2024-04-30 17:13:37,533 - INFO - test_getDataPipelineCount: Success, Result: 0
2024-04-30 17:13:37,537 - INFO - test_getDataPipelineCount: Success, Result: 0
2024-04-30 17:13:37,542 - INFO - test_getDataPipelineCount: Success, Result: 0
2024-04-30 17:13:37,582 - INFO - test_getPythonAtrributeFuncs: Success, Result: []
2024-04-30 17:13:37,585 - INFO - test_getPythonAtrributeFuncs: Success, Result: []
2024-04-30 17:13:37,589 - INFO - test_getPythonAtrributeFuncs: Success, Result: []
2024-04-30 17:13:37,593 - INFO - test_getPythonAtrributeFuncs: Success, Result: []
2024-04-30 17:13:37,597 - INFO - test_getPythonAtrributeFuncs: Success, Result: []
2024-04-30 17:13:37,602 - INFO - test_getPythonAtrributeFuncs: Success, Result: []
2024-04-30 17:13:37,606 - INFO - test_getPythonAtrributeFuncs: Success, Result: []
2024-04-30 17:13:37,610 - INFO - test_getPythonAtrributeFuncs: Success, Result: []
2024-04-30 17:13:37,614 - INFO - test_getPythonAtrributeFuncs: Success, Result: []
2024-04-30 17:13:37,619 - INFO - test_getPythonAtrributeFuncs: Success, Result: []
2024-04-30 17:13:37,623 - INFO - test_getPythonAtrributeFuncs: Success, Result: []
2024-04-30 17:13:37,628 - INFO - test_getPythonAtrributeFuncs: Success, Result: []
2024-04-30 17:13:37,632 - INFO - test_getPythonAtrributeFuncs: Success, Result: []
2024-04-30 17:13:37,637 - INFO - test_getPythonAtrributeFuncs: Success, Result: []
2024-04-30 17:13:37,641 - INFO - test_getPythonAtrributeFuncs: Success, Result: []
2024-04-30 17:13:37,646 - INFO - test_getPythonAtrributeFuncs: Success, Result: []
2024-04-30 17:13:37,650 - INFO - test_getPythonAtrributeFuncs: Success, Result: []
2024-04-30 17:13:37,654 - INFO - test_getPythonAtrributeFuncs: Success, Result: []
2024-04-30 17:13:37,657 - INFO - test_getPythonAtrributeFuncs: Success, Result: []
2024-04-30 17:13:37,662 - INFO - test_getPythonAtrributeFuncs: Success, Result: []
2024-04-30 17:13:37,666 - INFO - test_getPythonAtrributeFuncs: Success, Result: []
2024-04-30 17:13:37,670 - INFO - test_getPythonAtrributeFuncs: Success, Result: []
2024-04-30 17:13:37,674 - INFO - test_getPythonAtrributeFuncs: Success, Result: []
2024-04-30 17:13:37,678 - INFO - test_getPythonAtrributeFuncs: Success, Result: []
2024-04-30 17:13:37,682 - INFO - test_getPythonAtrributeFuncs: Success, Result: []
2024-04-30 17:13:37,687 - INFO - test_getPythonAtrributeFuncs: Success, Result: []
2024-04-30 17:13:37,692 - INFO - test_getPythonAtrributeFuncs: Success, Result: []
2024-04-30 17:13:37,696 - INFO - test_getPythonAtrributeFuncs: Success, Result: []
2024-04-30 17:13:37,702 - INFO - test_getPythonAtrributeFuncs: Success, Result: []
2024-04-30 17:13:37,707 - INFO - test_getPythonAtrributeFuncs: Success, Result: []
2024-04-30 17:13:37,713 - INFO - test_getPythonAtrributeFuncs: Success, Result: []
2024-04-30 17:13:37,718 - INFO - test_getPythonAtrributeFuncs: Success, Result: []
2024-04-30 17:13:37,724 - INFO - test_getPythonAtrributeFuncs: Success, Result: []
2024-04-30 17:13:37,730 - INFO - test_getPythonAtrributeFuncs: Success, Result: []
2024-04-30 17:13:37,735 - INFO - test_getPythonAtrributeFuncs: Success, Result: []
2024-04-30 17:13:37,740 - INFO - test_getPythonAtrributeFuncs: Success, Result: []
2024-04-30 17:13:37,745 - INFO - test_getPythonAtrributeFuncs: Success, Result: []
2024-04-30 17:13:37,750 - INFO - test_getPythonAtrributeFuncs: Success, Result: []
2024-04-30 17:13:37,755 - INFO - test_getPythonAtrributeFuncs: Success, Result: []
2024-04-30 17:13:37,761 - INFO - test_getPythonAtrributeFuncs: Success, Result: []
2024-04-30 17:13:37,766 - INFO - test_getPythonAtrributeFuncs: Success, Result: []
2024-04-30 17:13:37,771 - INFO - test_getPythonAtrributeFuncs: Success, Result: []
2024-04-30 17:13:37,776 - INFO - test_getPythonAtrributeFuncs: Success, Result: []
2024-04-30 17:13:37,781 - INFO - test_getPythonAtrributeFuncs: Success, Result: []
2024-04-30 17:13:37,786 - INFO - test_getPythonAtrributeFuncs: Success, Result: []
2024-04-30 17:13:37,791 - INFO - test_getPythonAtrributeFuncs: Success, Result: []
2024-04-30 17:13:37,794 - INFO - test_getPythonAtrributeFuncs: Success, Result: []
2024-04-30 17:13:37,799 - INFO - test_getPythonAtrributeFuncs: Success, Result: []
2024-04-30 17:13:37,804 - INFO - test_getPythonAtrributeFuncs: Success, Result: []
2024-04-30 17:13:37,808 - INFO - test_getPythonAtrributeFuncs: Success, Result: []
2024-04-30 17:13:37,812 - INFO - test_getPythonAtrributeFuncs: Success, Result: []
2024-04-30 17:13:37,816 - INFO - test_getPythonAtrributeFuncs: Success, Result: []
2024-04-30 17:13:37,820 - INFO - test_getPythonAtrributeFuncs: Success, Result: []
2024-04-30 17:13:37,824 - INFO - test_getPythonAtrributeFuncs: Success, Result: []
2024-04-30 17:13:37,829 - INFO - test_getPythonAtrributeFuncs: Success, Result: []
2024-04-30 17:13:37,833 - INFO - test_getPythonAtrributeFuncs: Success, Result: []
2024-04-30 17:13:37,838 - INFO - test_getPythonAtrributeFuncs: Success, Result: []
2024-04-30 17:13:37,841 - INFO - test_getPythonAtrributeFuncs: Success, Result: []
2024-04-30 17:13:37,845 - INFO - test_getPythonAtrributeFuncs: Success, Result: []
2024-04-30 17:13:37,849 - INFO - test_getPythonAtrributeFuncs: Success, Result: []
2024-04-30 17:13:37,853 - INFO - test_getPythonAtrributeFuncs: Success, Result: []
2024-04-30 17:13:37,857 - INFO - test_getPythonAtrributeFuncs: Success, Result: []
2024-04-30 17:13:37,861 - INFO - test_getPythonAtrributeFuncs: Success, Result: []
2024-04-30 17:13:37,865 - INFO - test_getPythonAtrributeFuncs: Success, Result: []
2024-04-30 17:13:37,869 - INFO - test_getPythonAtrributeFuncs: Success, Result: []
2024-04-30 17:13:37,873 - INFO - test_getPythonAtrributeFuncs: Success, Result: []
2024-04-30 17:13:37,876 - INFO - test_getPythonAtrributeFuncs: Success, Result: []
2024-04-30 17:13:37,880 - INFO - test_getPythonAtrributeFuncs: Success, Result: []
2024-04-30 17:13:37,884 - INFO - test_getPythonAtrributeFuncs: Success, Result: []
2024-04-30 17:13:37,889 - INFO - test_getPythonAtrributeFuncs: Success, Result: []
2024-04-30 17:13:37,893 - INFO - test_getPythonAtrributeFuncs: Success, Result: []
2024-04-30 17:13:37,897 - INFO - test_getPythonAtrributeFuncs: Success, Result: []
2024-04-30 17:13:37,901 - INFO - test_getPythonAtrributeFuncs: Success, Result: []
2024-04-30 17:13:37,906 - INFO - test_getPythonAtrributeFuncs: Success, Result: []
2024-04-30 17:13:37,910 - INFO - test_getPythonAtrributeFuncs: Success, Result: []
2024-04-30 17:13:37,914 - INFO - test_getPythonAtrributeFuncs: Success, Result: []
2024-04-30 17:13:37,919 - INFO - test_getPythonAtrributeFuncs: Success, Result: []
2024-04-30 17:13:37,923 - INFO - test_getPythonAtrributeFuncs: Success, Result: []
2024-04-30 17:13:37,927 - INFO - test_getPythonAtrributeFuncs: Success, Result: []
2024-04-30 17:13:37,931 - INFO - test_getPythonAtrributeFuncs: Success, Result: []
2024-04-30 17:13:37,935 - INFO - test_getPythonAtrributeFuncs: Success, Result: []
2024-04-30 17:13:37,939 - INFO - test_getPythonAtrributeFuncs: Success, Result: []
2024-04-30 17:13:37,944 - INFO - test_getPythonAtrributeFuncs: Success, Result: []
2024-04-30 17:13:37,948 - INFO - test_getPythonAtrributeFuncs: Success, Result: []
2024-04-30 17:13:37,952 - INFO - test_getPythonAtrributeFuncs: Success, Result: []
2024-04-30 17:13:37,956 - INFO - test_getPythonAtrributeFuncs: Success, Result: []
2024-04-30 17:13:37,961 - INFO - test_getPythonAtrributeFuncs: Success, Result: []
2024-04-30 17:13:37,965 - INFO - test_getPythonAtrributeFuncs: Success, Result: []
2024-04-30 17:13:37,969 - INFO - test_getPythonAtrributeFuncs: Success, Result: []
2024-04-30 17:13:37,972 - INFO - test_getPythonAtrributeFuncs: Success, Result: []
2024-04-30 17:13:37,976 - INFO - test_getPythonAtrributeFuncs: Success, Result: []
2024-04-30 17:13:37,980 - INFO - test_getPythonAtrributeFuncs: Success, Result: []
2024-04-30 17:13:37,983 - INFO - test_getPythonAtrributeFuncs: Success, Result: []
2024-04-30 17:13:37,987 - INFO - test_getPythonAtrributeFuncs: Success, Result: []
2024-04-30 17:13:37,992 - INFO - test_getPythonAtrributeFuncs: Success, Result: []
2024-04-30 17:13:37,996 - INFO - test_getPythonAtrributeFuncs: Success, Result: []
2024-04-30 17:13:38,000 - INFO - test_getPythonAtrributeFuncs: Success, Result: []
2024-04-30 17:13:38,004 - INFO - test_getPythonAtrributeFuncs: Success, Result: []
2024-04-30 17:13:38,008 - INFO - test_getPythonAtrributeFuncs: Success, Result: []
2024-04-30 17:13:38,011 - INFO - test_getPythonAtrributeFuncs: Success, Result: []
2024-04-30 17:13:38,051 - INFO - test_getFunctionAssignments: Success, Result: []
2024-04-30 17:13:38,055 - INFO - test_getFunctionAssignments: Success, Result: []
2024-04-30 17:13:38,059 - INFO - test_getFunctionAssignments: Success, Result: []
2024-04-30 17:13:38,062 - INFO - test_getFunctionAssignments: Success, Result: []
2024-04-30 17:13:38,067 - INFO - test_getFunctionAssignments: Success, Result: []
2024-04-30 17:13:38,071 - INFO - test_getFunctionAssignments: Success, Result: []
2024-04-30 17:13:38,076 - INFO - test_getFunctionAssignments: Success, Result: []
2024-04-30 17:13:38,080 - INFO - test_getFunctionAssignments: Success, Result: []
2024-04-30 17:13:38,085 - INFO - test_getFunctionAssignments: Success, Result: []
2024-04-30 17:13:38,089 - INFO - test_getFunctionAssignments: Success, Result: []
2024-04-30 17:13:38,093 - INFO - test_getFunctionAssignments: Success, Result: []
2024-04-30 17:13:38,097 - INFO - test_getFunctionAssignments: Success, Result: []
2024-04-30 17:13:38,101 - INFO - test_getFunctionAssignments: Success, Result: []
2024-04-30 17:13:38,104 - INFO - test_getFunctionAssignments: Success, Result: []
2024-04-30 17:13:38,108 - INFO - test_getFunctionAssignments: Success, Result: []
2024-04-30 17:13:38,112 - INFO - test_getFunctionAssignments: Success, Result: []
2024-04-30 17:13:38,116 - INFO - test_getFunctionAssignments: Success, Result: []
2024-04-30 17:13:38,121 - INFO - test_getFunctionAssignments: Success, Result: []
2024-04-30 17:13:38,124 - INFO - test_getFunctionAssignments: Success, Result: []
2024-04-30 17:13:38,127 - INFO - test_getFunctionAssignments: Success, Result: []
2024-04-30 17:13:38,131 - INFO - test_getFunctionAssignments: Success, Result: []
2024-04-30 17:13:38,135 - INFO - test_getFunctionAssignments: Success, Result: []
2024-04-30 17:13:38,140 - INFO - test_getFunctionAssignments: Success, Result: []
2024-04-30 17:13:38,144 - INFO - test_getFunctionAssignments: Success, Result: []
2024-04-30 17:13:38,147 - INFO - test_getFunctionAssignments: Success, Result: []
2024-04-30 17:13:38,150 - INFO - test_getFunctionAssignments: Success, Result: []
2024-04-30 17:13:38,153 - INFO - test_getFunctionAssignments: Success, Result: []
2024-04-30 17:13:38,155 - INFO - test_getFunctionAssignments: Success, Result: []
2024-04-30 17:13:38,158 - INFO - test_getFunctionAssignments: Success, Result: []
2024-04-30 17:13:38,161 - INFO - test_getFunctionAssignments: Success, Result: []
2024-04-30 17:13:38,163 - INFO - test_getFunctionAssignments: Success, Result: []
2024-04-30 17:13:38,167 - INFO - test_getFunctionAssignments: Success, Result: []
2024-04-30 17:13:38,171 - INFO - test_getFunctionAssignments: Success, Result: []
2024-04-30 17:13:38,175 - INFO - test_getFunctionAssignments: Success, Result: []
2024-04-30 17:13:38,179 - INFO - test_getFunctionAssignments: Success, Result: []
2024-04-30 17:13:38,183 - INFO - test_getFunctionAssignments: Success, Result: []
2024-04-30 17:13:38,188 - INFO - test_getFunctionAssignments: Success, Result: []
2024-04-30 17:13:38,193 - INFO - test_getFunctionAssignments: Success, Result: []
2024-04-30 17:13:38,200 - INFO - test_getFunctionAssignments: Success, Result: []
2024-04-30 17:13:38,203 - INFO - test_getFunctionAssignments: Success, Result: []
2024-04-30 17:13:38,207 - INFO - test_getFunctionAssignments: Success, Result: []
2024-04-30 17:13:38,211 - INFO - test_getFunctionAssignments: Success, Result: []
2024-04-30 17:13:38,216 - INFO - test_getFunctionAssignments: Success, Result: []
2024-04-30 17:13:38,220 - INFO - test_getFunctionAssignments: Success, Result: []
2024-04-30 17:13:38,226 - INFO - test_getFunctionAssignments: Success, Result: []
2024-04-30 17:13:38,231 - INFO - test_getFunctionAssignments: Success, Result: []
2024-04-30 17:13:38,236 - INFO - test_getFunctionAssignments: Success, Result: []
2024-04-30 17:13:38,240 - INFO - test_getFunctionAssignments: Success, Result: []
2024-04-30 17:13:38,245 - INFO - test_getFunctionAssignments: Success, Result: []
2024-04-30 17:13:38,251 - INFO - test_getFunctionAssignments: Success, Result: []
2024-04-30 17:13:38,256 - INFO - test_getFunctionAssignments: Success, Result: []
2024-04-30 17:13:38,262 - INFO - test_getFunctionAssignments: Success, Result: []
2024-04-30 17:13:38,268 - INFO - test_getFunctionAssignments: Success, Result: []
2024-04-30 17:13:38,274 - INFO - test_getFunctionAssignments: Success, Result: []
2024-04-30 17:13:38,280 - INFO - test_getFunctionAssignments: Success, Result: []
2024-04-30 17:13:38,286 - INFO - test_getFunctionAssignments: Success, Result: []
2024-04-30 17:13:38,291 - INFO - test_getFunctionAssignments: Success, Result: []
2024-04-30 17:13:38,297 - INFO - test_getFunctionAssignments: Success, Result: []
2024-04-30 17:13:38,302 - INFO - test_getFunctionAssignments: Success, Result: []
2024-04-30 17:13:38,309 - INFO - test_getFunctionAssignments: Success, Result: []
2024-04-30 17:13:38,314 - INFO - test_getFunctionAssignments: Success, Result: []
2024-04-30 17:13:38,319 - INFO - test_getFunctionAssignments: Success, Result: []
2024-04-30 17:13:38,323 - INFO - test_getFunctionAssignments: Success, Result: []
2024-04-30 17:13:38,329 - INFO - test_getFunctionAssignments: Success, Result: []
2024-04-30 17:13:38,333 - INFO - test_getFunctionAssignments: Success, Result: []
2024-04-30 17:13:38,338 - INFO - test_getFunctionAssignments: Success, Result: []
2024-04-30 17:13:38,342 - INFO - test_getFunctionAssignments: Success, Result: []
2024-04-30 17:13:38,346 - INFO - test_getFunctionAssignments: Success, Result: []
2024-04-30 17:13:38,350 - INFO - test_getFunctionAssignments: Success, Result: []
2024-04-30 17:13:38,355 - INFO - test_getFunctionAssignments: Success, Result: []
2024-04-30 17:13:38,359 - INFO - test_getFunctionAssignments: Success, Result: []
2024-04-30 17:13:38,363 - INFO - test_getFunctionAssignments: Success, Result: []
2024-04-30 17:13:38,367 - INFO - test_getFunctionAssignments: Success, Result: []
2024-04-30 17:13:38,370 - INFO - test_getFunctionAssignments: Success, Result: []
2024-04-30 17:13:38,375 - INFO - test_getFunctionAssignments: Success, Result: []
2024-04-30 17:13:38,381 - INFO - test_getFunctionAssignments: Success, Result: []
2024-04-30 17:13:38,386 - INFO - test_getFunctionAssignments: Success, Result: []
2024-04-30 17:13:38,390 - INFO - test_getFunctionAssignments: Success, Result: []
2024-04-30 17:13:38,395 - INFO - test_getFunctionAssignments: Success, Result: []
2024-04-30 17:13:38,399 - INFO - test_getFunctionAssignments: Success, Result: []
2024-04-30 17:13:38,404 - INFO - test_getFunctionAssignments: Success, Result: []
2024-04-30 17:13:38,407 - INFO - test_getFunctionAssignments: Success, Result: []
2024-04-30 17:13:38,412 - INFO - test_getFunctionAssignments: Success, Result: []
2024-04-30 17:13:38,416 - INFO - test_getFunctionAssignments: Success, Result: []
2024-04-30 17:13:38,421 - INFO - test_getFunctionAssignments: Success, Result: []
2024-04-30 17:13:38,428 - INFO - test_getFunctionAssignments: Success, Result: []
2024-04-30 17:13:38,432 - INFO - test_getFunctionAssignments: Success, Result: []
2024-04-30 17:13:38,437 - INFO - test_getFunctionAssignments: Success, Result: []
2024-04-30 17:13:38,441 - INFO - test_getFunctionAssignments: Success, Result: []
2024-04-30 17:13:38,446 - INFO - test_getFunctionAssignments: Success, Result: []
2024-04-30 17:13:38,450 - INFO - test_getFunctionAssignments: Success, Result: []
2024-04-30 17:13:38,454 - INFO - test_getFunctionAssignments: Success, Result: []
2024-04-30 17:13:38,458 - INFO - test_getFunctionAssignments: Success, Result: []
2024-04-30 17:13:38,462 - INFO - test_getFunctionAssignments: Success, Result: []
2024-04-30 17:13:38,467 - INFO - test_getFunctionAssignments: Success, Result: []
2024-04-30 17:13:38,470 - INFO - test_getFunctionAssignments: Success, Result: []
2024-04-30 17:13:38,474 - INFO - test_getFunctionAssignments: Success, Result: []
2024-04-30 17:13:38,479 - INFO - test_getFunctionAssignments: Success, Result: []
2024-04-30 17:13:38,482 - INFO - test_getFunctionAssignments: Success, Result: []
2024-04-30 17:13:38,487 - INFO - test_getFunctionAssignments: Success, Result: []
